<?xml version="1.0" encoding="UTF-8"?>
<!-- Generated by org.testng.reporters.JUnitReportReporter -->
<testsuite skipped="0" hostname="anonymous" name="tests.DeleteMultipleUsersTest" tests="1" failures="0" timestamp="2020-06-30T06:55:59 PDT" time="9.387" errors="0">
  <testcase name="testMantisBTDeleteMultipleUsers" time="9.387" classname="tests.DeleteMultipleUsersTest"/>
  <system-out/>
</testsuite> <!-- tests.DeleteMultipleUsersTest -->
