<?xml version="1.0" encoding="UTF-8"?>
<!-- Generated by org.testng.reporters.JUnitReportReporter -->
<testsuite skipped="0" hostname="anonymous" name="tests.DeleteMultipleSubprojectsTest" tests="1" failures="0" timestamp="2020-06-30T06:58:17 PDT" time="65.563" errors="0">
  <testcase name="testMantisBTDeleteMultipleSubprojects" time="65.563" classname="tests.DeleteMultipleSubprojectsTest"/>
  <system-out/>
</testsuite> <!-- tests.DeleteMultipleSubprojectsTest -->
