<?xml version="1.0" encoding="UTF-8"?>
<!-- Generated by org.testng.reporters.JUnitReportReporter -->
<testsuite skipped="0" hostname="anonymous" name="tests.AddMultipleSubprojectsTest" tests="1" failures="0" timestamp="2020-06-30T06:55:52 PDT" time="13.215" errors="0">
  <testcase name="testMantisBTAddMultipleSubprojects" time="13.215" classname="tests.AddMultipleSubprojectsTest"/>
  <system-out/>
</testsuite> <!-- tests.AddMultipleSubprojectsTest -->
