<?xml version="1.0" encoding="UTF-8"?>
<!-- Generated by org.testng.reporters.JUnitReportReporter -->
<testsuite skipped="0" hostname="anonymous" name="tests.AddMultipleUsersTest" tests="1" failures="0" timestamp="2020-06-30T06:55:50 PDT" time="22.142" errors="0">
  <testcase name="testMantisBTAddMultipleUsers" time="22.142" classname="tests.AddMultipleUsersTest"/>
  <system-out/>
</testsuite> <!-- tests.AddMultipleUsersTest -->
