<?xml version="1.0" encoding="UTF-8"?>
<!-- Generated by org.testng.reporters.JUnitReportReporter -->
<testsuite skipped="0" hostname="anonymous" name="tests.LinkMultipleSubprojectsTest" tests="1" failures="0" timestamp="2020-06-30T06:57:11 PDT" time="11.566" errors="0">
  <testcase name="testMantisBTLinkMultipleSubprojects" time="11.566" classname="tests.LinkMultipleSubprojectsTest"/>
  <system-out/>
</testsuite> <!-- tests.LinkMultipleSubprojectsTest -->
