<?xml version="1.0" encoding="UTF-8"?>
<!-- Generated by org.testng.reporters.JUnitReportReporter -->
<testsuite skipped="0" hostname="anonymous" name="tests.UnlinkMultipleSubprojectsTest" tests="1" failures="0" timestamp="2020-06-30T06:57:00 PDT" time="67.347" errors="0">
  <testcase name="testMantisBTUnlinkMultipleSubprojects" time="67.347" classname="tests.UnlinkMultipleSubprojectsTest"/>
  <system-out/>
</testsuite> <!-- tests.UnlinkMultipleSubprojectsTest -->
