<?xml version="1.0" encoding="UTF-8"?>
<!-- Generated by org.testng.reporters.JUnitReportReporter -->
<testsuite hostname="debian-stile" failures="0" tests="1" name="tests.AssignCategoryTest" time="80.476" errors="0" timestamp="2024-05-03T12:44:05 CEST" skipped="0">
  <testcase classname="tests.AssignCategoryTest" name="testJoomlaAssignCategory" time="80.476"/>
  <system-out/>
</testsuite> <!-- tests.AssignCategoryTest -->
