<?xml version="1.0" encoding="UTF-8"?>
<!-- Generated by org.testng.reporters.JUnitReportReporter -->
<testsuite hostname="debian-stile" failures="0" tests="1" name="tests.AddExistingContactFailsTest" time="50.219" errors="0" timestamp="2024-05-03T12:25:09 CEST" skipped="0">
  <testcase classname="tests.AddExistingContactFailsTest" name="testJoomlaAddExistingContactFails" time="50.219"/>
  <system-out/>
</testsuite> <!-- tests.AddExistingContactFailsTest -->
