<?xml version="1.0" encoding="UTF-8"?>
<!-- Generated by org.testng.reporters.JUnitReportReporter -->
<testsuite hostname="debian-stile" failures="0" tests="1" name="tests.AddContactInfoTest" time="75.556" errors="0" timestamp="2024-05-03T12:16:39 CEST" skipped="0">
  <testcase classname="tests.AddContactInfoTest" name="testJoomlaAddContactInfo" time="75.556"/>
  <system-out/>
</testsuite> <!-- tests.AddContactInfoTest -->
