<?xml version="1.0" encoding="UTF-8"?>
<!-- Generated by org.testng.reporters.JUnitReportReporter -->
<testsuite hostname="debian-stile" failures="0" tests="1" name="tests.DeleteTagTest" time="50.874" errors="0" timestamp="2024-05-03T13:13:15 CEST" skipped="0">
  <testcase classname="tests.DeleteTagTest" name="testJoomlaAddTag" time="50.874"/>
  <system-out/>
</testsuite> <!-- tests.DeleteTagTest -->
