<?xml version="1.0" encoding="UTF-8"?>
<!-- Generated by org.testng.reporters.JUnitReportReporter -->
<testsuite hostname="debian-stile" failures="0" tests="1" name="tests.AddEmptyNewsFeedTest" time="4.040" errors="0" timestamp="2024-05-03T12:19:47 CEST" skipped="0">
  <testcase classname="tests.AddEmptyNewsFeedTest" name="testJoomlaAddEmptyNewsFeed" time="4.040"/>
  <system-out/>
</testsuite> <!-- tests.AddEmptyNewsFeedTest -->
