<?xml version="1.0" encoding="UTF-8"?>
<!-- Generated by org.testng.reporters.JUnitReportReporter -->
<testsuite hostname="debian-stile" failures="0" tests="1" name="tests.BadSiteAdminLoginTest" time="2.187" errors="0" timestamp="2024-05-03T12:36:10 CEST" skipped="0">
  <testcase classname="tests.BadSiteAdminLoginTest" name="testJoomlaBadSiteAdminLogin" time="2.187"/>
  <system-out/>
</testsuite> <!-- tests.BadSiteAdminLoginTest -->
