<?xml version="1.0" encoding="UTF-8"?>
<!-- Generated by org.testng.reporters.JUnitReportReporter -->
<testsuite hostname="debian-stile" failures="0" tests="1" name="tests.AddBannerClientTest" time="3.199" errors="0" timestamp="2024-05-03T13:01:52 CEST" skipped="0">
  <testcase classname="tests.AddBannerClientTest" name="testJoomlaAddBannerClient" time="3.199"/>
  <system-out/>
</testsuite> <!-- tests.AddBannerClientTest -->
