<?xml version="1.0" encoding="UTF-8"?>
<!-- Generated by org.testng.reporters.JUnitReportReporter -->
<testsuite hostname="debian-stile" failures="0" tests="1" name="tests.AddEmptyClientFailsTest" time="3.701" errors="0" timestamp="2024-05-03T12:17:54 CEST" skipped="0">
  <testcase classname="tests.AddEmptyClientFailsTest" name="testJoomlaAddEmptyClient" time="3.701"/>
  <system-out/>
</testsuite> <!-- tests.AddEmptyClientFailsTest -->
