<?xml version="1.0" encoding="UTF-8"?>
<!-- Generated by org.testng.reporters.JUnitReportReporter -->
<testsuite hostname="debian-stile" failures="0" tests="1" name="tests.AddEmptyArticleTest" time="1.772" errors="0" timestamp="2024-05-03T12:17:16 CEST" skipped="0">
  <testcase classname="tests.AddEmptyArticleTest" name="testJoomlaAddEmptyArticle" time="1.772"/>
  <system-out/>
</testsuite> <!-- tests.AddEmptyArticleTest -->
