<?xml version="1.0" encoding="UTF-8"?>
<!-- Generated by org.testng.reporters.JUnitReportReporter -->
<testsuite hostname="debian-stile" failures="0" tests="1" name="tests.AddTagTest" time="56.921" errors="0" timestamp="2024-05-03T13:13:15 CEST" skipped="0">
  <testcase classname="tests.AddTagTest" name="testJoomlaAddTag" time="56.921"/>
  <system-out/>
</testsuite> <!-- tests.AddTagTest -->
