<?xml version="1.0" encoding="UTF-8"?>
<!-- Generated by org.testng.reporters.JUnitReportReporter -->
<testsuite hostname="debian-stile" failures="0" tests="1" name="tests.AddExistingFieldFailsTest" time="47.731" errors="0" timestamp="2024-05-03T12:26:39 CEST" skipped="0">
  <testcase classname="tests.AddExistingFieldFailsTest" name="testJoomlaAddExistingFieldFails" time="47.731"/>
  <system-out/>
</testsuite> <!-- tests.AddExistingFieldFailsTest -->
