<?xml version="1.0" encoding="UTF-8"?>
<!-- Generated by org.testng.reporters.JUnitReportReporter -->
<testsuite hostname="debian-stile" failures="0" tests="1" name="tests.CheckUserAssignedToGroupTest" time="21.253" errors="0" timestamp="2024-05-03T12:48:28 CEST" skipped="0">
  <testcase classname="tests.CheckUserAssignedToGroupTest" name="testJoomlaAsignUserToGroup" time="21.253"/>
  <system-out/>
</testsuite> <!-- tests.CheckUserAssignedToGroupTest -->
