<?xml version="1.0" encoding="UTF-8"?>
<!-- Generated by org.testng.reporters.JUnitReportReporter -->
<testsuite hostname="debian-stile" failures="0" tests="1" name="tests.AddAccessLevelTest" time="21.694" errors="0" timestamp="2024-05-03T12:54:16 CEST" skipped="0">
  <testcase classname="tests.AddAccessLevelTest" name="testJoomlaAddAccessLevel" time="21.694"/>
  <system-out/>
</testsuite> <!-- tests.AddAccessLevelTest -->
