<?xml version="1.0" encoding="UTF-8"?>
<!-- Generated by org.testng.reporters.JUnitReportReporter -->
<testsuite hostname="debian-stile" failures="0" tests="1" name="tests.AddExistingMenuItemFailsTest" time="4.714" errors="0" timestamp="2024-05-03T12:28:18 CEST" skipped="0">
  <testcase classname="tests.AddExistingMenuItemFailsTest" name="testJoomlaAddMenuItem" time="4.714"/>
  <system-out/>
</testsuite> <!-- tests.AddExistingMenuItemFailsTest -->
