<?xml version="1.0" encoding="UTF-8"?>
<!-- Generated by org.testng.reporters.JUnitReportReporter -->
<testsuite hostname="debian-stile" failures="0" tests="1" name="tests.AddEmptyFieldTest" time="2.414" errors="0" timestamp="2024-05-03T12:18:50 CEST" skipped="0">
  <testcase classname="tests.AddEmptyFieldTest" name="testJoomlaAddField" time="2.414"/>
  <system-out/>
</testsuite> <!-- tests.AddEmptyFieldTest -->
