<?xml version="1.0" encoding="UTF-8"?>
<!-- Generated by org.testng.reporters.JUnitReportReporter -->
<testsuite hostname="debian-stile" failures="0" tests="1" name="tests.AddEmptyUserFailsTest" time="3.215" errors="0" timestamp="2024-05-03T12:20:26 CEST" skipped="0">
  <testcase classname="tests.AddEmptyUserFailsTest" name="testJoomlaAddEmptyUserFails" time="3.215"/>
  <system-out/>
</testsuite> <!-- tests.AddEmptyUserFailsTest -->
