<?xml version="1.0" encoding="UTF-8"?>
<!-- Generated by org.testng.reporters.JUnitReportReporter -->
<testsuite hostname="debian-stile" failures="0" tests="1" name="tests.EmptySiteAdminLoginTest" time="1.688" errors="0" timestamp="2024-05-03T13:16:20 CEST" skipped="0">
  <testcase classname="tests.EmptySiteAdminLoginTest" name="testJoomlaEmptySiteAdminLogin" time="1.688"/>
  <system-out/>
</testsuite> <!-- tests.EmptySiteAdminLoginTest -->
