<?xml version="1.0" encoding="UTF-8"?>
<!-- Generated by org.testng.reporters.JUnitReportReporter -->
<testsuite hostname="debian-stile" failures="0" tests="1" name="tests.AddUserTest" time="26.905" errors="0" timestamp="2024-05-03T13:17:29 CEST" skipped="0">
  <testcase classname="tests.AddUserTest" name="testJoomlaAddUser" time="26.905"/>
  <system-out/>
</testsuite> <!-- tests.AddUserTest -->
