<?xml version="1.0" encoding="UTF-8"?>
<!-- Generated by org.testng.reporters.JUnitReportReporter -->
<testsuite hostname="debian-stile" failures="0" tests="1" name="tests.LinkUserToContactTest" time="102.488" errors="0" timestamp="2024-05-03T12:52:42 CEST" skipped="0">
  <testcase classname="tests.LinkUserToContactTest" name="testJoomlaLinkUserToContact" time="102.488"/>
  <system-out/>
</testsuite> <!-- tests.LinkUserToContactTest -->
