<?xml version="1.0" encoding="UTF-8"?>
<!-- Generated by org.testng.reporters.JUnitReportReporter -->
<testsuite hostname="debian-stile" failures="0" tests="1" name="tests.CheckUserLinkedToContactTest" time="54.102" errors="0" timestamp="2024-05-03T12:52:42 CEST" skipped="0">
  <testcase classname="tests.CheckUserLinkedToContactTest" name="testJoomlaCheckUserLinkedToContact" time="54.102"/>
  <system-out/>
</testsuite> <!-- tests.CheckUserLinkedToContactTest -->
