<?xml version="1.0" encoding="UTF-8"?>
<!-- Generated by org.testng.reporters.JUnitReportReporter -->
<testsuite hostname="debian-stile" failures="0" tests="1" name="tests.AddEmptyContactTest" time="3.316" errors="0" timestamp="2024-05-03T12:18:13 CEST" skipped="0">
  <testcase classname="tests.AddEmptyContactTest" name="testJoomlaAddEmptyContact" time="3.316"/>
  <system-out/>
</testsuite> <!-- tests.AddEmptyContactTest -->
