<?xml version="1.0" encoding="UTF-8"?>
<!-- Generated by org.testng.reporters.JUnitReportReporter -->
<testsuite hostname="debian-stile" failures="0" tests="1" name="tests.AddBannerUrlTest" time="3.273" errors="0" timestamp="2024-05-03T12:14:11 CEST" skipped="0">
  <testcase classname="tests.AddBannerUrlTest" name="testJoomlaAddBannerUrl" time="3.273"/>
  <system-out/>
</testsuite> <!-- tests.AddBannerUrlTest -->
