<?xml version="1.0" encoding="UTF-8"?>
<!-- Generated by org.testng.reporters.JUnitReportReporter -->
<testsuite hostname="debian-stile" failures="0" tests="1" name="tests.LoginAsNewUserTest" time="8.245" errors="0" timestamp="2024-05-03T13:17:29 CEST" skipped="0">
  <testcase classname="tests.LoginAsNewUserTest" name="testJoomlaLoginAsNewUser" time="8.245"/>
  <system-out/>
</testsuite> <!-- tests.LoginAsNewUserTest -->
