<?xml version="1.0" encoding="UTF-8"?>
<!-- Generated by org.testng.reporters.JUnitReportReporter -->
<testsuite hostname="debian-stile" failures="0" tests="1" name="tests.DeleteBannerTest" time="2.810" errors="0" timestamp="2024-05-03T12:58:10 CEST" skipped="0">
  <testcase classname="tests.DeleteBannerTest" name="testJoomlaDeleteBanner" time="2.810"/>
  <system-out/>
</testsuite> <!-- tests.DeleteBannerTest -->
