<?xml version="1.0" encoding="UTF-8"?>
<!-- Generated by org.testng.reporters.JUnitReportReporter -->
<testsuite hostname="debian-stile" failures="0" tests="1" name="tests.AddExistingCategoryFailsTest" time="46.449" errors="0" timestamp="2024-05-03T12:23:07 CEST" skipped="0">
  <testcase classname="tests.AddExistingCategoryFailsTest" name="testJoomlaAddExistingCategoryFails" time="46.449"/>
  <system-out/>
</testsuite> <!-- tests.AddExistingCategoryFailsTest -->
