<?xml version="1.0" encoding="UTF-8"?>
<!-- Generated by org.testng.reporters.JUnitReportReporter -->
<testsuite hostname="debian-stile" failures="0" tests="1" name="tests.AddMenuDescriptionTest" time="2.404" errors="0" timestamp="2024-05-03T12:34:35 CEST" skipped="0">
  <testcase classname="tests.AddMenuDescriptionTest" name="testJoomlaAddMenu" time="2.404"/>
  <system-out/>
</testsuite> <!-- tests.AddMenuDescriptionTest -->
