<?xml version="1.0" encoding="UTF-8"?>
<!-- Generated by org.testng.reporters.JUnitReportReporter -->
<testsuite hostname="debian-stile" failures="0" tests="1" name="tests.ChangePasswordTooShortTest" time="0.769" errors="0" timestamp="2024-05-03T12:38:04 CEST" skipped="0">
  <testcase classname="tests.ChangePasswordTooShortTest" name="testJoomlaChangePasswordTooShort" time="0.769"/>
  <system-out/>
</testsuite> <!-- tests.ChangePasswordTooShortTest -->
