<?xml version="1.0" encoding="UTF-8"?>
<!-- Generated by org.testng.reporters.JUnitReportReporter -->
<testsuite hostname="debian-stile" failures="0" tests="1" name="tests.AssignFieldToGroupTest" time="46.614" errors="0" timestamp="2024-05-03T13:06:46 CEST" skipped="0">
  <testcase classname="tests.AssignFieldToGroupTest" name="testJoomlaAssignFieldToGroup" time="46.614"/>
  <system-out/>
</testsuite> <!-- tests.AssignFieldToGroupTest -->
