<?xml version="1.0" encoding="UTF-8"?>
<!-- Generated by org.testng.reporters.JUnitReportReporter -->
<testsuite hostname="debian-stile" failures="0" tests="1" name="tests.AddClientTest" time="53.575" errors="0" timestamp="2024-05-03T13:01:52 CEST" skipped="0">
  <testcase classname="tests.AddClientTest" name="testJoomlaAddClient" time="53.575"/>
  <system-out/>
</testsuite> <!-- tests.AddClientTest -->
