<?xml version="1.0" encoding="UTF-8"?>
<!-- Generated by org.testng.reporters.JUnitReportReporter -->
<testsuite hostname="debian-stile" failures="0" tests="1" name="tests.AddMenuItemEmptyMenuTypeTest" time="3.122" errors="0" timestamp="2024-05-03T12:34:54 CEST" skipped="0">
  <testcase classname="tests.AddMenuItemEmptyMenuTypeTest" name="testJoomlaAddMenuItemEmptyMenuType" time="3.122"/>
  <system-out/>
</testsuite> <!-- tests.AddMenuItemEmptyMenuTypeTest -->
