<?xml version="1.0" encoding="UTF-8"?>
<!-- Generated by org.testng.reporters.JUnitReportReporter -->
<testsuite hostname="debian-stile" failures="0" tests="1" name="tests.AddEmptyFieldGroupTest" time="2.333" errors="0" timestamp="2024-05-03T12:18:31 CEST" skipped="0">
  <testcase classname="tests.AddEmptyFieldGroupTest" name="testJoomlaAddEmptyFieldGroup" time="2.333"/>
  <system-out/>
</testsuite> <!-- tests.AddEmptyFieldGroupTest -->
