<?xml version="1.0" encoding="UTF-8"?>
<!-- Generated by org.testng.reporters.JUnitReportReporter -->
<testsuite hostname="debian-stile" failures="0" tests="1" name="tests.DeleteFieldTest" time="53.000" errors="0" timestamp="2024-05-03T13:08:22 CEST" skipped="0">
  <testcase classname="tests.DeleteFieldTest" name="testJoomlaDeleteField" time="53.000"/>
  <system-out/>
</testsuite> <!-- tests.DeleteFieldTest -->
