<?xml version="1.0" encoding="UTF-8"?>
<!-- Generated by org.testng.reporters.JUnitReportReporter -->
<testsuite hostname="debian-stile" failures="0" tests="1" name="tests.AddEmptyCategoryTest" time="2.347" errors="0" timestamp="2024-05-03T12:17:34 CEST" skipped="0">
  <testcase classname="tests.AddEmptyCategoryTest" name="testJoomlaAddEmptyCategory" time="2.347"/>
  <system-out/>
</testsuite> <!-- tests.AddEmptyCategoryTest -->
