<?xml version="1.0" encoding="UTF-8"?>
<!-- Generated by org.testng.reporters.JUnitReportReporter -->
<testsuite hostname="debian-stile" failures="0" tests="1" name="tests.AddExistingNewsFeedFailsTest" time="60.386" errors="0" timestamp="2024-05-03T12:30:30 CEST" skipped="0">
  <testcase classname="tests.AddExistingNewsFeedFailsTest" name="testJoomlaAddExistingNewsFeedFails" time="60.386"/>
  <system-out/>
</testsuite> <!-- tests.AddExistingNewsFeedFailsTest -->
