<?xml version="1.0" encoding="UTF-8"?>
<!-- Generated by org.testng.reporters.JUnitReportReporter -->
<testsuite hostname="debian-stile" failures="0" tests="1" name="tests.DeleteUserTest" time="20.066" errors="0" timestamp="2024-05-03T13:15:45 CEST" skipped="0">
  <testcase classname="tests.DeleteUserTest" name="testJoomlaDeleteUser" time="20.066"/>
  <system-out/>
</testsuite> <!-- tests.DeleteUserTest -->
