<?xml version="1.0" encoding="UTF-8"?>
<!-- Generated by org.testng.reporters.JUnitReportReporter -->
<testsuite hostname="debian-stile" failures="0" tests="1" name="tests.AddContactTest" time="55.477" errors="0" timestamp="2024-05-03T13:03:54 CEST" skipped="0">
  <testcase classname="tests.AddContactTest" name="testJoomlaAddContact" time="55.477"/>
  <system-out/>
</testsuite> <!-- tests.AddContactTest -->
