<?xml version="1.0" encoding="UTF-8"?>
<!-- Generated by org.testng.reporters.JUnitReportReporter -->
<testsuite hostname="debian-stile" failures="0" tests="1" name="tests.LoginAsAdminTest" time="1.722" errors="0" timestamp="2024-05-03T13:16:38 CEST" skipped="0">
  <testcase classname="tests.LoginAsAdminTest" name="testJoomlaLoginAsAdmin" time="1.722"/>
  <system-out/>
</testsuite> <!-- tests.LoginAsAdminTest -->
