<?xml version="1.0" encoding="UTF-8"?>
<!-- Generated by org.testng.reporters.JUnitReportReporter -->
<testsuite hostname="debian-stile" failures="0" tests="1" name="tests.AddExistingMenuFailsTest" time="2.414" errors="0" timestamp="2024-05-03T12:27:52 CEST" skipped="0">
  <testcase classname="tests.AddExistingMenuFailsTest" name="testJoomlaAddExistingMenuFails" time="2.414"/>
  <system-out/>
</testsuite> <!-- tests.AddExistingMenuFailsTest -->
