<?xml version="1.0" encoding="UTF-8"?>
<!-- Generated by org.testng.reporters.JUnitReportReporter -->
<testsuite hostname="debian-stile" failures="0" tests="1" name="tests.CheckAssignedCategoryTest" time="16.010" errors="0" timestamp="2024-05-03T12:44:05 CEST" skipped="0">
  <testcase classname="tests.CheckAssignedCategoryTest" name="testJoomlaCheckAssignedCategory" time="16.010"/>
  <system-out/>
</testsuite> <!-- tests.CheckAssignedCategoryTest -->
