<?xml version="1.0" encoding="UTF-8"?>
<!-- Generated by org.testng.reporters.JUnitReportReporter -->
<testsuite hostname="debian-stile" failures="0" tests="1" name="tests.AddEmptyGroupTest" time="2.254" errors="0" timestamp="2024-05-03T12:19:08 CEST" skipped="0">
  <testcase classname="tests.AddEmptyGroupTest" name="testJoomlaAddEmptyGroup" time="2.254"/>
  <system-out/>
</testsuite> <!-- tests.AddEmptyGroupTest -->
