<?xml version="1.0" encoding="UTF-8"?>
<!-- Generated by org.testng.reporters.JUnitReportReporter -->
<testsuite hostname="debian-stile" failures="0" tests="1" name="tests.CheckArticleTagTest" time="2.575" errors="0" timestamp="2024-05-03T12:41:08 CEST" skipped="0">
  <testcase classname="tests.CheckArticleTagTest" name="testJoomlaCheckArticleTag" time="2.575"/>
  <system-out/>
</testsuite> <!-- tests.CheckArticleTagTest -->
