<?xml version="1.0" encoding="UTF-8"?>
<!-- Generated by org.testng.reporters.JUnitReportReporter -->
<testsuite hostname="debian-stile" failures="0" tests="1" name="tests.ArchiveArticleTest" time="41.039" errors="0" timestamp="2024-05-03T12:57:03 CEST" skipped="0">
  <testcase classname="tests.ArchiveArticleTest" name="testJoomlaArchiveArticle" time="41.039"/>
  <system-out/>
</testsuite> <!-- tests.ArchiveArticleTest -->
