<?xml version="1.0" encoding="UTF-8"?>
<!-- Generated by org.testng.reporters.JUnitReportReporter -->
<testsuite hostname="debian-stile" failures="0" tests="1" name="tests.AssignUserToGroupTest" time="21.807" errors="0" timestamp="2024-05-03T13:14:42 CEST" skipped="0">
  <testcase classname="tests.AssignUserToGroupTest" name="testJoomlaAsignUserToGroup" time="21.807"/>
  <system-out/>
</testsuite> <!-- tests.AssignUserToGroupTest -->
