<?xml version="1.0" encoding="UTF-8"?>
<!-- Generated by org.testng.reporters.JUnitReportReporter -->
<testsuite hostname="debian-stile" failures="0" tests="1" name="tests.AddExistingUserFailsTest" time="46.088" errors="0" timestamp="2024-05-03T12:34:13 CEST" skipped="0">
  <testcase classname="tests.AddExistingUserFailsTest" name="testJoomlaAddExistingUserFails" time="46.088"/>
  <system-out/>
</testsuite> <!-- tests.AddExistingUserFailsTest -->
