<?xml version="1.0" encoding="UTF-8"?>
<!-- Generated by org.testng.reporters.JUnitReportReporter -->
<testsuite hostname="debian-stile" failures="0" tests="1" name="tests.ChangePasswordDontMatchTest" time="0.855" errors="0" timestamp="2024-05-03T12:37:07 CEST" skipped="0">
  <testcase classname="tests.ChangePasswordDontMatchTest" name="testJoomlaChangePasswordDontMatch" time="0.855"/>
  <system-out/>
</testsuite> <!-- tests.ChangePasswordDontMatchTest -->
