<?xml version="1.0" encoding="UTF-8"?>
<!-- Generated by org.testng.reporters.JUnitReportReporter -->
<testsuite hostname="debian-stile" failures="0" tests="1" name="tests.AddMenuItemEmptyTitleTest" time="4.387" errors="0" timestamp="2024-05-03T12:35:14 CEST" skipped="0">
  <testcase classname="tests.AddMenuItemEmptyTitleTest" name="testJoomlaAddMenuItem" time="4.387"/>
  <system-out/>
</testsuite> <!-- tests.AddMenuItemEmptyTitleTest -->
