<?xml version="1.0" encoding="UTF-8"?>
<!-- Generated by org.testng.reporters.JUnitReportReporter -->
<testsuite hostname="debian-stile" failures="0" tests="1" name="tests.AddEmptyMenuTest" time="3.280" errors="0" timestamp="2024-05-03T12:19:27 CEST" skipped="0">
  <testcase classname="tests.AddEmptyMenuTest" name="testJoomlaAddEmptyMenu" time="3.280"/>
  <system-out/>
</testsuite> <!-- tests.AddEmptyMenuTest -->
