<?xml version="1.0" encoding="UTF-8"?>
<!-- Generated by org.testng.reporters.JUnitReportReporter -->
<testsuite hostname="debian-stile" failures="0" tests="1" name="tests.DeleteMenuItemTest" time="4.273" errors="0" timestamp="2024-05-03T13:08:47 CEST" skipped="0">
  <testcase classname="tests.DeleteMenuItemTest" name="testJoomlaDeleteMenuItem" time="4.273"/>
  <system-out/>
</testsuite> <!-- tests.DeleteMenuItemTest -->
