<?xml version="1.0" encoding="UTF-8"?>
<!-- Generated by org.testng.reporters.JUnitReportReporter -->
<testsuite hostname="debian-stile" failures="0" tests="1" name="tests.AddFieldGroupTest" time="30.184" errors="0" timestamp="2024-05-03T13:06:46 CEST" skipped="0">
  <testcase classname="tests.AddFieldGroupTest" name="testJoomlaAddFieldGroup" time="30.184"/>
  <system-out/>
</testsuite> <!-- tests.AddFieldGroupTest -->
