<?xml version="1.0" encoding="UTF-8"?>
<!-- Generated by org.testng.reporters.JUnitReportReporter -->
<testsuite hostname="debian-stile" failures="0" tests="1" name="tests.AddMenuTest" time="3.386" errors="0" timestamp="2024-05-03T13:09:09 CEST" skipped="0">
  <testcase classname="tests.AddMenuTest" name="testJoomlaAddMenu" time="3.386"/>
  <system-out/>
</testsuite> <!-- tests.AddMenuTest -->
