<?xml version="1.0" encoding="UTF-8"?>
<!-- Generated by org.testng.reporters.JUnitReportReporter -->
<testsuite hostname="debian-stile" failures="0" tests="1" name="tests.AddExistingTagFailsTest" time="60.850" errors="0" timestamp="2024-05-03T12:32:44 CEST" skipped="0">
  <testcase classname="tests.AddExistingTagFailsTest" name="testJoomlaAddExistingTagFails" time="60.850"/>
  <system-out/>
</testsuite> <!-- tests.AddExistingTagFailsTest -->
