<?xml version="1.0" encoding="UTF-8"?>
<!-- Generated by org.testng.reporters.JUnitReportReporter -->
<testsuite hostname="debian-stile" failures="0" tests="1" name="tests.AddGroupTest" time="11.757" errors="0" timestamp="2024-05-03T13:14:42 CEST" skipped="0">
  <testcase classname="tests.AddGroupTest" name="testJoomlaAddGroup" time="11.757"/>
  <system-out/>
</testsuite> <!-- tests.AddGroupTest -->
