<?xml version="1.0" encoding="UTF-8"?>
<!-- Generated by org.testng.reporters.JUnitReportReporter -->
<testsuite hostname="debian-stile" failures="0" tests="1" name="tests.CheckEditedArticleTest" time="2.710" errors="0" timestamp="2024-05-03T12:45:23 CEST" skipped="0">
  <testcase classname="tests.CheckEditedArticleTest" name="testJoomlaCheckEditedArticle" time="2.710"/>
  <system-out/>
</testsuite> <!-- tests.CheckEditedArticleTest -->
