<?xml version="1.0" encoding="UTF-8"?>
<!-- Generated by org.testng.reporters.JUnitReportReporter -->
<testsuite hostname="debian-stile" failures="0" tests="1" name="tests.AddFieldTest" time="27.042" errors="0" timestamp="2024-05-03T13:08:22 CEST" skipped="0">
  <testcase classname="tests.AddFieldTest" name="testJoomlaAddField" time="27.042"/>
  <system-out/>
</testsuite> <!-- tests.AddFieldTest -->
