<?xml version="1.0" encoding="UTF-8"?>
<!-- Generated by org.testng.reporters.JUnitReportReporter -->
<testsuite hostname="debian-stile" failures="0" tests="1" name="tests.AssignTagToArticleTest" time="69.026" errors="0" timestamp="2024-05-03T12:41:08 CEST" skipped="0">
  <testcase classname="tests.AssignTagToArticleTest" name="testJoomlaAssignTagToArticle" time="69.026"/>
  <system-out/>
</testsuite> <!-- tests.AssignTagToArticleTest -->
