<?xml version="1.0" encoding="UTF-8"?>
<!-- Generated by org.testng.reporters.JUnitReportReporter -->
<testsuite hostname="debian-stile" failures="0" tests="1" name="tests.AddNewsFeedTest" time="56.192" errors="0" timestamp="2024-05-03T13:11:11 CEST" skipped="0">
  <testcase classname="tests.AddNewsFeedTest" name="testJoomlaAddNewsFeed" time="56.192"/>
  <system-out/>
</testsuite> <!-- tests.AddNewsFeedTest -->
