<?xml version="1.0" encoding="UTF-8"?>
<!-- Generated by org.testng.reporters.JUnitReportReporter -->
<testsuite hostname="debian-stile" failures="0" tests="1" name="tests.AddEmptyAccessLevelFailsTest" time="3.469" errors="0" timestamp="2024-05-03T12:16:58 CEST" skipped="0">
  <testcase classname="tests.AddEmptyAccessLevelFailsTest" name="testJoomlaAddEmptyAccessLevel" time="3.469"/>
  <system-out/>
</testsuite> <!-- tests.AddEmptyAccessLevelFailsTest -->
