<?xml version="1.0" encoding="UTF-8"?>
<!-- Generated by org.testng.reporters.JUnitReportReporter -->
<testsuite hostname="debian-stile" failures="0" tests="1" name="tests.DeleteCategoryTest" time="48.601" errors="0" timestamp="2024-05-03T12:59:40 CEST" skipped="0">
  <testcase classname="tests.DeleteCategoryTest" name="testJoomlaDeleteCategory" time="48.601"/>
  <system-out/>
</testsuite> <!-- tests.DeleteCategoryTest -->
