<?xml version="1.0" encoding="UTF-8"?>
<!-- Generated by org.testng.reporters.JUnitReportReporter -->
<testsuite hostname="debian-stile" failures="0" tests="1" name="tests.AddEmptyTagTest" time="3.971" errors="0" timestamp="2024-05-03T12:20:07 CEST" skipped="0">
  <testcase classname="tests.AddEmptyTagTest" name="testJoomlaAddTag" time="3.971"/>
  <system-out/>
</testsuite> <!-- tests.AddEmptyTagTest -->
