<?xml version="1.0" encoding="UTF-8"?>
<!-- Generated by org.testng.reporters.JUnitReportReporter -->
<testsuite hostname="debian-stile" failures="0" tests="1" name="tests.AddExistingAccessLevelFailsTest" time="22.402" errors="0" timestamp="2024-05-03T12:21:39 CEST" skipped="0">
  <testcase classname="tests.AddExistingAccessLevelFailsTest" name="testJoomlaAddExistingAccessLevelFails" time="22.402"/>
  <system-out/>
</testsuite> <!-- tests.AddExistingAccessLevelFailsTest -->
