<?xml version="1.0" encoding="UTF-8"?>
<!-- Generated by org.testng.reporters.JUnitReportReporter -->
<testsuite hostname="debian-stile" failures="0" tests="1" name="tests.EmptyLoginTest" time="1.173" errors="0" timestamp="2024-05-03T13:16:02 CEST" skipped="0">
  <testcase classname="tests.EmptyLoginTest" name="testJoomlaEmptyLoginTest" time="1.173"/>
  <system-out/>
</testsuite> <!-- tests.EmptyLoginTest -->
