<?xml version="1.0" encoding="UTF-8"?>
<!-- Generated by org.testng.reporters.JUnitReportReporter -->
<testsuite hostname="debian-stile" failures="0" tests="1" name="tests.CheckTrackingBannerImpressionsWorksTest" time="1.901" errors="0" timestamp="2024-05-03T12:46:51 CEST" skipped="0">
  <testcase classname="tests.CheckTrackingBannerImpressionsWorksTest" name="testJoomlaAddBannerClient" time="1.901"/>
  <system-out/>
</testsuite> <!-- tests.CheckTrackingBannerImpressionsWorksTest -->
