<?xml version="1.0" encoding="UTF-8"?>
<!-- Generated by org.testng.reporters.JUnitReportReporter -->
<testsuite hostname="debian-stile" failures="0" tests="1" name="tests.AddBannerSiteModuleTest" time="4.284" errors="0" timestamp="2024-05-03T13:01:52 CEST" skipped="0">
  <testcase classname="tests.AddBannerSiteModuleTest" name="testJoomlaAddBannerSiteModule" time="4.284"/>
  <system-out/>
</testsuite> <!-- tests.AddBannerSiteModuleTest -->
