<?xml version="1.0" encoding="UTF-8"?>
<!-- Generated by org.testng.reporters.JUnitReportReporter -->
<testsuite hostname="debian-stile" failures="0" tests="1" name="tests.AddMenuItemMenuNotSelectedTest" time="4.385" errors="0" timestamp="2024-05-03T12:35:35 CEST" skipped="0">
  <testcase classname="tests.AddMenuItemMenuNotSelectedTest" name="testJoomlaAddMenuItemMenuNotSelected" time="4.385"/>
  <system-out/>
</testsuite> <!-- tests.AddMenuItemMenuNotSelectedTest -->
