<?xml version="1.0" encoding="UTF-8"?>
<!-- Generated by org.testng.reporters.JUnitReportReporter -->
<testsuite hostname="debian-stile" failures="0" tests="1" name="tests.AddExistingGroupFailsTest" time="22.347" errors="0" timestamp="2024-05-03T12:27:30 CEST" skipped="0">
  <testcase classname="tests.AddExistingGroupFailsTest" name="testJoomlaAddExistingGroupFails" time="22.347"/>
  <system-out/>
</testsuite> <!-- tests.AddExistingGroupFailsTest -->
