<?xml version="1.0" encoding="UTF-8"?>
<!-- Generated by org.testng.reporters.JUnitReportReporter -->
<testsuite hostname="debian-stile" failures="0" tests="1" name="tests.DeleteBannerSiteModuleTest" time="2.784" errors="0" timestamp="2024-05-03T12:57:26 CEST" skipped="0">
  <testcase classname="tests.DeleteBannerSiteModuleTest" name="testJoomlaAddBannerSiteModule" time="2.784"/>
  <system-out/>
</testsuite> <!-- tests.DeleteBannerSiteModuleTest -->
