<?xml version="1.0" encoding="UTF-8"?>
<!-- Generated by org.testng.reporters.JUnitReportReporter -->
<testsuite hostname="debian-stile" failures="0" tests="1" name="tests.SeeArchivedArticleTest" time="11.762" errors="0" timestamp="2024-05-03T12:57:03 CEST" skipped="0">
  <testcase classname="tests.SeeArchivedArticleTest" name="testJoomlaSeeArchivedArticle" time="11.762"/>
  <system-out/>
</testsuite> <!-- tests.SeeArchivedArticleTest -->
