<?xml version="1.0" encoding="UTF-8"?>
<!-- Generated by org.testng.reporters.JUnitReportReporter -->
<testsuite skipped="0" hostname="anonymous" name="tests.RemoveCourseTest" tests="1" failures="0" timestamp="2020-07-28T07:08:32 PDT" time="1.442" errors="0">
  <testcase name="testClarolineRemoveCourse" time="1.442" classname="tests.RemoveCourseTest"/>
  <system-out/>
</testsuite> <!-- tests.RemoveCourseTest -->
