<?xml version="1.0" encoding="UTF-8"?>
<!-- Generated by org.testng.reporters.JUnitReportReporter -->
<testsuite skipped="0" hostname="anonymous" name="tests.AddUserTest" tests="1" failures="0" timestamp="2020-07-28T07:08:32 PDT" time="3.193" errors="0">
  <testcase name="testClarolineAddUser" time="3.193" classname="tests.AddUserTest"/>
  <system-out/>
</testsuite> <!-- tests.AddUserTest -->
