<?xml version="1.0" encoding="UTF-8"?>
<!-- Generated by org.testng.reporters.JUnitReportReporter -->
<testsuite skipped="0" hostname="anonymous" name="tests.SearchCourseTest" tests="1" failures="0" timestamp="2020-07-28T07:08:32 PDT" time="1.345" errors="0">
  <testcase name="testClarolineSearchCourse" time="1.345" classname="tests.SearchCourseTest"/>
  <system-out/>
</testsuite> <!-- tests.SearchCourseTest -->
