<?xml version="1.0" encoding="UTF-8"?>
<!-- Generated by org.testng.reporters.JUnitReportReporter -->
<testsuite skipped="0" hostname="anonymous" name="tests.AddCourseExerciseQuestionsTest" tests="1" failures="0" timestamp="2020-07-28T07:08:32 PDT" time="5.766" errors="0">
  <testcase name="testClarolineAddCourseExerciseQuestions" time="5.766" classname="tests.AddCourseExerciseQuestionsTest"/>
  <system-out/>
</testsuite> <!-- tests.AddCourseExerciseQuestionsTest -->
