<?xml version="1.0" encoding="UTF-8"?>
<!-- Generated by org.testng.reporters.JUnitReportReporter -->
<testsuite skipped="0" hostname="anonymous" name="tests.SearchUserTest" tests="1" failures="0" timestamp="2020-07-28T07:08:32 PDT" time="1.348" errors="0">
  <testcase name="testClarolineSearchUser" time="1.348" classname="tests.SearchUserTest"/>
  <system-out/>
</testsuite> <!-- tests.SearchUserTest -->
