<?xml version="1.0" encoding="UTF-8"?>
<!-- Generated by org.testng.reporters.JUnitReportReporter -->
<testsuite skipped="0" hostname="anonymous" name="tests.EnrolUserTest" tests="1" failures="0" timestamp="2020-07-28T07:08:32 PDT" time="1.437" errors="0">
  <testcase name="testClarolineEnrolUser" time="1.437" classname="tests.EnrolUserTest"/>
  <system-out/>
</testsuite> <!-- tests.EnrolUserTest -->
