<?xml version="1.0" encoding="UTF-8"?>
<!-- Generated by org.testng.reporters.JUnitReportReporter -->
<testsuite skipped="0" hostname="anonymous" name="tests.AddCourseEventTest" tests="1" failures="0" timestamp="2020-07-28T07:08:32 PDT" time="2.415" errors="0">
  <testcase name="testClarolineAddCourseEvent" time="2.415" classname="tests.AddCourseEventTest"/>
  <system-out/>
</testsuite> <!-- tests.AddCourseEventTest -->
