<?xml version="1.0" encoding="UTF-8"?>
<!-- Generated by org.testng.reporters.JUnitReportReporter -->
<testsuite skipped="0" hostname="anonymous" name="tests.AddWrongPasswordUserTest" tests="1" failures="0" timestamp="2020-07-28T07:08:32 PDT" time="1.732" errors="0">
  <testcase name="testClarolineAddWrongPasswordUser" time="1.732" classname="tests.AddWrongPasswordUserTest"/>
  <system-out/>
</testsuite> <!-- tests.AddWrongPasswordUserTest -->
