<?xml version="1.0" encoding="UTF-8"?>
<!-- Generated by org.testng.reporters.JUnitReportReporter -->
<testsuite skipped="0" hostname="anonymous" name="tests.SearchAndRemoveDeniedCourseTest" tests="1" failures="0" timestamp="2020-07-28T07:08:32 PDT" time="1.580" errors="0">
  <testcase name="testClarolineSearchAndRemoveDeniedCourse" time="1.580" classname="tests.SearchAndRemoveDeniedCourseTest"/>
  <system-out/>
</testsuite> <!-- tests.SearchAndRemoveDeniedCourseTest -->
