<?xml version="1.0" encoding="UTF-8"?>
<!-- Generated by org.testng.reporters.JUnitReportReporter -->
<testsuite skipped="0" hostname="anonymous" name="tests.RemoveCourseExerciseQuestionsTest" tests="1" failures="0" timestamp="2020-07-28T07:08:32 PDT" time="1.705" errors="0">
  <testcase name="testClarolineRemoveCourseExerciseQuestions" time="1.705" classname="tests.RemoveCourseExerciseQuestionsTest"/>
  <system-out/>
</testsuite> <!-- tests.RemoveCourseExerciseQuestionsTest -->
