<?xml version="1.0" encoding="UTF-8"?>
<!-- Generated by org.testng.reporters.JUnitReportReporter -->
<testsuite skipped="0" hostname="anonymous" name="tests.LoginUserTest" tests="1" failures="0" timestamp="2020-07-28T07:08:32 PDT" time="0.947" errors="0">
  <testcase name="testClarolineLoginUser" time="0.947" classname="tests.LoginUserTest"/>
  <system-out/>
</testsuite> <!-- tests.LoginUserTest -->
