<?xml version="1.0" encoding="UTF-8"?>
<!-- Generated by org.testng.reporters.JUnitReportReporter -->
<testsuite skipped="0" hostname="anonymous" name="tests.AddMultipleUsersTest" tests="1" failures="0" timestamp="2020-07-28T07:08:32 PDT" time="3.814" errors="0">
  <testcase name="testClarolineAddMultipleUsers" time="3.814" classname="tests.AddMultipleUsersTest"/>
  <system-out/>
</testsuite> <!-- tests.AddMultipleUsersTest -->
