<?xml version="1.0" encoding="UTF-8"?>
<!-- Generated by org.testng.reporters.JUnitReportReporter -->
<testsuite skipped="0" hostname="anonymous" name="tests.DoCourseExerciseQuestionsMultipleUsersTest" tests="1" failures="0" timestamp="2020-07-28T07:08:32 PDT" time="5.155" errors="0">
  <testcase name="testClarolineDoCourseExerciseQuestionsMultipleUsers" time="5.155" classname="tests.DoCourseExerciseQuestionsMultipleUsersTest"/>
  <system-out/>
</testsuite> <!-- tests.DoCourseExerciseQuestionsMultipleUsersTest -->
