<?xml version="1.0" encoding="UTF-8"?>
<!-- Generated by org.testng.reporters.JUnitReportReporter -->
<testsuite skipped="0" hostname="anonymous" name="tests.ViewProfileStatisticsUserTest" tests="1" failures="0" timestamp="2020-07-28T07:08:32 PDT" time="1.374" errors="0">
  <testcase name="testClarolineViewProfileStatisticsUser" time="1.374" classname="tests.ViewProfileStatisticsUserTest"/>
  <system-out/>
</testsuite> <!-- tests.ViewProfileStatisticsUserTest -->
