<?xml version="1.0" encoding="UTF-8"?>
<!-- Generated by org.testng.reporters.JUnitReportReporter -->
<testsuite skipped="0" hostname="anonymous" name="tests.AddEmptyUserTest" tests="1" failures="0" timestamp="2020-07-28T07:08:32 PDT" time="1.236" errors="0">
  <testcase name="testClarolineAddEmptyUser" time="1.236" classname="tests.AddEmptyUserTest"/>
  <system-out/>
</testsuite> <!-- tests.AddEmptyUserTest -->
