<?xml version="1.0" encoding="UTF-8"?>
<!-- Generated by org.testng.reporters.JUnitReportReporter -->
<testsuite skipped="0" hostname="anonymous" name="tests.AddPasswordCourseTest" tests="1" failures="0" timestamp="2020-07-28T07:08:32 PDT" time="2.088" errors="0">
  <testcase name="testClarolineAddPasswordCourse" time="2.088" classname="tests.AddPasswordCourseTest"/>
  <system-out/>
</testsuite> <!-- tests.AddPasswordCourseTest -->
