<?xml version="1.0" encoding="UTF-8"?>
<!-- Generated by org.testng.reporters.JUnitReportReporter -->
<testsuite skipped="0" hostname="anonymous" name="tests.UpdateIssueStatusConfirmedTest" tests="1" failures="0" timestamp="2020-11-20T09:39:44 PST" time="1.575" errors="0">
  <testcase name="testMantisBTUpdateIssueStatusConfirmed" time="1.575" classname="tests.UpdateIssueStatusConfirmedTest"/>
  <system-out/>
</testsuite> <!-- tests.UpdateIssueStatusConfirmedTest -->
