<?xml version="1.0" encoding="UTF-8"?>
<!-- Generated by org.testng.reporters.JUnitReportReporter -->
<testsuite skipped="0" hostname="anonymous" name="tests.AddUserTest" tests="1" failures="0" timestamp="2020-11-20T09:39:44 PST" time="3.372" errors="0">
  <testcase name="testMantisBTAddUser" time="3.372" classname="tests.AddUserTest"/>
  <system-out/>
</testsuite> <!-- tests.AddUserTest -->
