<?xml version="1.0" encoding="UTF-8"?>
<!-- Generated by org.testng.reporters.JUnitReportReporter -->
<testsuite skipped="0" hostname="anonymous" name="tests.UpdateIssueStatusResolvedTest" tests="1" failures="0" timestamp="2020-11-20T09:39:44 PST" time="1.493" errors="0">
  <testcase name="testMantisBTUpdateIssueStatusResolved" time="1.493" classname="tests.UpdateIssueStatusResolvedTest"/>
  <system-out/>
</testsuite> <!-- tests.UpdateIssueStatusResolvedTest -->
