<?xml version="1.0" encoding="UTF-8"?>
<!-- Generated by org.testng.reporters.JUnitReportReporter -->
<testsuite skipped="0" hostname="anonymous" name="tests.DeleteMultipleSubprojectsTest" tests="1" failures="0" timestamp="2020-11-20T09:39:44 PST" time="8.072" errors="0">
  <testcase name="testMantisBTDeleteMultipleSubprojects" time="8.072" classname="tests.DeleteMultipleSubprojectsTest"/>
  <system-out/>
</testsuite> <!-- tests.DeleteMultipleSubprojectsTest -->
