<?xml version="1.0" encoding="UTF-8"?>
<!-- Generated by org.testng.reporters.JUnitReportReporter -->
<testsuite skipped="0" hostname="anonymous" name="tests.DeleteUserTest" tests="1" failures="0" timestamp="2020-11-20T09:39:44 PST" time="1.611" errors="0">
  <testcase name="testMantisBTDeleteUser" time="1.611" classname="tests.DeleteUserTest"/>
  <system-out/>
</testsuite> <!-- tests.DeleteUserTest -->
