<?xml version="1.0" encoding="UTF-8"?>
<!-- Generated by org.testng.reporters.JUnitReportReporter -->
<testsuite skipped="0" hostname="anonymous" name="tests.AddProjectWrongTest" tests="1" failures="0" timestamp="2020-11-20T09:39:44 PST" time="1.676" errors="0">
  <testcase name="testMantisBTAddProjectWrong" time="1.676" classname="tests.AddProjectWrongTest"/>
  <system-out/>
</testsuite> <!-- tests.AddProjectWrongTest -->
