<?xml version="1.0" encoding="UTF-8"?>
<!-- Generated by org.testng.reporters.JUnitReportReporter -->
<testsuite skipped="0" hostname="anonymous" name="tests.UpdateProjectDescriptionTest" tests="1" failures="0" timestamp="2020-11-20T09:39:44 PST" time="1.475" errors="0">
  <testcase name="testMantisBTUpdateProjectDescription" time="1.475" classname="tests.UpdateProjectDescriptionTest"/>
  <system-out/>
</testsuite> <!-- tests.UpdateProjectDescriptionTest -->
