<?xml version="1.0" encoding="UTF-8"?>
<!-- Generated by org.testng.reporters.JUnitReportReporter -->
<testsuite skipped="0" hostname="anonymous" name="tests.AddProjectEmptyTest" tests="1" failures="0" timestamp="2020-11-20T09:39:44 PST" time="1.304" errors="0">
  <testcase name="testMantisBTAddProjectEmpty" time="1.304" classname="tests.AddProjectEmptyTest"/>
  <system-out/>
</testsuite> <!-- tests.AddProjectEmptyTest -->
