<?xml version="1.0" encoding="UTF-8"?>
<!-- Generated by org.testng.reporters.JUnitReportReporter -->
<testsuite skipped="0" hostname="anonymous" name="tests.UpdateProjectStatusTest" tests="1" failures="0" timestamp="2020-11-20T09:39:44 PST" time="1.423" errors="0">
  <testcase name="testMantisBTUpdateProjectStatus" time="1.423" classname="tests.UpdateProjectStatusTest"/>
  <system-out/>
</testsuite> <!-- tests.UpdateProjectStatusTest -->
