<?xml version="1.0" encoding="UTF-8"?>
<!-- Generated by org.testng.reporters.JUnitReportReporter -->
<testsuite skipped="0" hostname="anonymous" name="tests.AddMultipleSubprojectsTest" tests="1" failures="0" timestamp="2020-11-20T09:39:44 PST" time="3.171" errors="0">
  <testcase name="testMantisBTAddMultipleSubprojects" time="3.171" classname="tests.AddMultipleSubprojectsTest"/>
  <system-out/>
</testsuite> <!-- tests.AddMultipleSubprojectsTest -->
