<?xml version="1.0" encoding="UTF-8"?>
<!-- Generated by org.testng.reporters.JUnitReportReporter -->
<testsuite skipped="0" hostname="anonymous" name="tests.DeleteMultipleUsersTest" tests="1" failures="0" timestamp="2020-11-20T09:39:44 PST" time="2.933" errors="0">
  <testcase name="testMantisBTDeleteMultipleUsers" time="2.933" classname="tests.DeleteMultipleUsersTest"/>
  <system-out/>
</testsuite> <!-- tests.DeleteMultipleUsersTest -->
