<?xml version="1.0" encoding="UTF-8"?>
<!-- Generated by org.testng.reporters.JUnitReportReporter -->
<testsuite skipped="0" hostname="anonymous" name="tests.UpdateIssueStatusFeedbackTest" tests="1" failures="0" timestamp="2020-11-20T09:39:44 PST" time="1.516" errors="0">
  <testcase name="testMantisBTUpdateIssueStatusFeedback" time="1.516" classname="tests.UpdateIssueStatusFeedbackTest"/>
  <system-out/>
</testsuite> <!-- tests.UpdateIssueStatusFeedbackTest -->
