<?xml version="1.0" encoding="UTF-8"?>
<!-- Generated by org.testng.reporters.JUnitReportReporter -->
<testsuite skipped="0" hostname="anonymous" name="tests.UpdateIssueSeverityTest" tests="1" failures="0" timestamp="2020-11-20T09:39:44 PST" time="1.535" errors="0">
  <testcase name="testMantisBTUpdateIssueSeverity" time="1.535" classname="tests.UpdateIssueSeverityTest"/>
  <system-out/>
</testsuite> <!-- tests.UpdateIssueSeverityTest -->
