<?xml version="1.0" encoding="UTF-8"?>
<!-- Generated by org.testng.reporters.JUnitReportReporter -->
<testsuite skipped="0" hostname="anonymous" name="tests.AddIssueTest" tests="1" failures="0" timestamp="2020-11-20T09:39:44 PST" time="2.040" errors="0">
  <testcase name="testMantisBTAddIssue" time="2.040" classname="tests.AddIssueTest"/>
  <system-out/>
</testsuite> <!-- tests.AddIssueTest -->
