<?xml version="1.0" encoding="UTF-8"?>
<!-- Generated by org.testng.reporters.JUnitReportReporter -->
<testsuite skipped="0" hostname="anonymous" name="tests.UpdateProjectViewStatusTest" tests="1" failures="0" timestamp="2020-11-20T09:39:44 PST" time="1.406" errors="0">
  <testcase name="testMantisBTUpdateProjectViewStatus" time="1.406" classname="tests.UpdateProjectViewStatusTest"/>
  <system-out/>
</testsuite> <!-- tests.UpdateProjectViewStatusTest -->
