<?xml version="1.0" encoding="UTF-8"?>
<!-- Generated by org.testng.reporters.JUnitReportReporter -->
<testsuite skipped="0" hostname="anonymous" name="tests.LogoutTest" tests="1" failures="0" timestamp="2020-11-20T09:39:44 PST" time="0.859" errors="0">
  <testcase name="testMantisBTLogout" time="0.859" classname="tests.LogoutTest"/>
  <system-out/>
</testsuite> <!-- tests.LogoutTest -->
