<?xml version="1.0" encoding="UTF-8"?>
<!-- Generated by org.testng.reporters.JUnitReportReporter -->
<testsuite skipped="0" hostname="anonymous" name="tests.AddMultipleUsersTest" tests="1" failures="0" timestamp="2020-11-20T09:39:44 PST" time="4.188" errors="0">
  <testcase name="testMantisBTAddMultipleUsers" time="4.188" classname="tests.AddMultipleUsersTest"/>
  <system-out/>
</testsuite> <!-- tests.AddMultipleUsersTest -->
