<?xml version="1.0" encoding="UTF-8"?>
<!-- Generated by org.testng.reporters.JUnitReportReporter -->
<testsuite skipped="0" hostname="anonymous" name="tests.OpenTasksTest" tests="1" failures="0" timestamp="2020-10-27T05:44:32 PDT" time="10.843" errors="0">
  <testcase name="testCollabtiveOpenTasks" time="10.843" classname="tests.OpenTasksTest"/>
  <system-out/>
</testsuite> <!-- tests.OpenTasksTest -->
