<?xml version="1.0" encoding="UTF-8"?>
<!-- Generated by org.testng.reporters.JUnitReportReporter -->
<testsuite skipped="0" hostname="anonymous" name="tests.AddAndRemoveMultipleTasksTest" tests="1" failures="0" timestamp="2020-10-27T05:44:32 PDT" time="18.531" errors="0">
  <testcase name="testCollabtiveAddAndRemoveMultipleTasks" time="18.531" classname="tests.AddAndRemoveMultipleTasksTest"/>
  <system-out/>
</testsuite> <!-- tests.AddAndRemoveMultipleTasksTest -->
