<?xml version="1.0" encoding="UTF-8"?>
<!-- Generated by org.testng.reporters.JUnitReportReporter -->
<testsuite skipped="0" hostname="anonymous" name="tests.SearchMultipleProjectsTest" tests="1" failures="0" timestamp="2020-10-27T05:44:32 PDT" time="6.607" errors="0">
  <testcase name="testCollabtiveSearchMultipleProjects" time="6.607" classname="tests.SearchMultipleProjectsTest"/>
  <system-out/>
</testsuite> <!-- tests.SearchMultipleProjectsTest -->
