<?xml version="1.0" encoding="UTF-8"?>
<!-- Generated by org.testng.reporters.JUnitReportReporter -->
<testsuite skipped="0" hostname="anonymous" name="tests.RemoveMilestoneTest" tests="1" failures="0" timestamp="2020-10-27T05:44:32 PDT" time="7.099" errors="0">
  <testcase name="testCollabtiveRemoveMilestone" time="7.099" classname="tests.RemoveMilestoneTest"/>
  <system-out/>
</testsuite> <!-- tests.RemoveMilestoneTest -->
