<?xml version="1.0" encoding="UTF-8"?>
<!-- Generated by org.testng.reporters.JUnitReportReporter -->
<testsuite skipped="0" hostname="anonymous" name="tests.CloseTasksProjectPercentageTest" tests="1" failures="0" timestamp="2020-10-27T05:44:32 PDT" time="9.346" errors="0">
  <testcase name="testCollabtiveCloseTasksProjectPercentage" time="9.346" classname="tests.CloseTasksProjectPercentageTest"/>
  <system-out/>
</testsuite> <!-- tests.CloseTasksProjectPercentageTest -->
