<?xml version="1.0" encoding="UTF-8"?>
<!-- Generated by org.testng.reporters.JUnitReportReporter -->
<testsuite skipped="0" hostname="anonymous" name="tests.AddProjectTest" tests="1" failures="0" timestamp="2020-10-27T05:44:32 PDT" time="12.715" errors="0">
  <testcase name="testCollabtiveAddProject" time="12.715" classname="tests.AddProjectTest"/>
  <system-out/>
</testsuite> <!-- tests.AddProjectTest -->
