<?xml version="1.0" encoding="UTF-8"?>
<!-- Generated by org.testng.reporters.JUnitReportReporter -->
<testsuite skipped="0" hostname="anonymous" name="tests.RemoveUserTest" tests="1" failures="0" timestamp="2020-10-27T05:44:32 PDT" time="7.353" errors="0">
  <testcase name="testCollabtiveRemoveUser" time="7.353" classname="tests.RemoveUserTest"/>
  <system-out/>
</testsuite> <!-- tests.RemoveUserTest -->
