<?xml version="1.0" encoding="UTF-8"?>
<!-- Generated by org.testng.reporters.JUnitReportReporter -->
<testsuite skipped="0" hostname="anonymous" name="tests.CloseTasklistTest" tests="1" failures="0" timestamp="2020-10-27T05:44:32 PDT" time="8.099" errors="0">
  <testcase name="testCollabtiveCloseTasklist" time="8.099" classname="tests.CloseTasklistTest"/>
  <system-out/>
</testsuite> <!-- tests.CloseTasklistTest -->
