<?xml version="1.0" encoding="UTF-8"?>
<!-- Generated by org.testng.reporters.JUnitReportReporter -->
<testsuite skipped="0" hostname="anonymous" name="tests.AddAndRemoveLateMilestoneTest" tests="1" failures="0" timestamp="2020-10-27T05:44:32 PDT" time="12.710" errors="0">
  <testcase name="testCollabtiveAddAndRemoveLateMilestone" time="12.710" classname="tests.AddAndRemoveLateMilestoneTest"/>
  <system-out/>
</testsuite> <!-- tests.AddAndRemoveLateMilestoneTest -->
