<?xml version="1.0" encoding="UTF-8"?>
<!-- Generated by org.testng.reporters.JUnitReportReporter -->
<testsuite skipped="0" hostname="anonymous" name="tests.RemoveTasksTest" tests="1" failures="0" timestamp="2020-10-27T05:44:32 PDT" time="10.688" errors="0">
  <testcase name="testCollabtiveRemoveTasks" time="10.688" classname="tests.RemoveTasksTest"/>
  <system-out/>
</testsuite> <!-- tests.RemoveTasksTest -->
