<?xml version="1.0" encoding="UTF-8"?>
<!-- Generated by org.testng.reporters.JUnitReportReporter -->
<testsuite skipped="0" hostname="anonymous" name="tests.RemoveRoleTest" tests="1" failures="0" timestamp="2020-10-27T05:44:32 PDT" time="7.419" errors="0">
  <testcase name="testCollabtiveRemoveRole" time="7.419" classname="tests.RemoveRoleTest"/>
  <system-out/>
</testsuite> <!-- tests.RemoveRoleTest -->
