<?xml version="1.0" encoding="UTF-8"?>
<!-- Generated by org.testng.reporters.JUnitReportReporter -->
<testsuite skipped="0" hostname="anonymous" name="tests.AddTaskDesktopPresentTest" tests="1" failures="0" timestamp="2020-10-27T05:44:32 PDT" time="10.729" errors="0">
  <testcase name="testCollabtiveAddTaskDesktopPresent" time="10.729" classname="tests.AddTaskDesktopPresentTest"/>
  <system-out/>
</testsuite> <!-- tests.AddTaskDesktopPresentTest -->
