<?xml version="1.0" encoding="UTF-8"?>
<!-- Generated by org.testng.reporters.JUnitReportReporter -->
<testsuite skipped="0" hostname="anonymous" name="tests.AddTasklistTest" tests="1" failures="0" timestamp="2020-10-27T05:44:32 PDT" time="8.097" errors="0">
  <testcase name="testCollabtiveAddTasklist" time="8.097" classname="tests.AddTasklistTest"/>
  <system-out/>
</testsuite> <!-- tests.AddTasklistTest -->
