<?xml version="1.0" encoding="UTF-8"?>
<!-- Generated by org.testng.reporters.JUnitReportReporter -->
<testsuite skipped="0" hostname="anonymous" name="tests.OpenTasklistTest" tests="1" failures="0" timestamp="2020-10-27T05:44:32 PDT" time="6.702" errors="0">
  <testcase name="testCollabtiveOpenTasklist" time="6.702" classname="tests.OpenTasklistTest"/>
  <system-out/>
</testsuite> <!-- tests.OpenTasklistTest -->
