<?xml version="1.0" encoding="UTF-8"?>
<!-- Generated by org.testng.reporters.JUnitReportReporter -->
<testsuite skipped="0" hostname="anonymous" name="tests.RemoveTaskDesktopNotPresentTest" tests="1" failures="0" timestamp="2020-10-27T05:44:32 PDT" time="8.549" errors="0">
  <testcase name="testCollabtiveRemoveTaskDesktopNotPresent" time="8.549" classname="tests.RemoveTaskDesktopNotPresentTest"/>
  <system-out/>
</testsuite> <!-- tests.RemoveTaskDesktopNotPresentTest -->
