<?xml version="1.0" encoding="UTF-8"?>
<!-- Generated by org.testng.reporters.JUnitReportReporter -->
<testsuite skipped="0" hostname="anonymous" name="tests.EditProjectTest" tests="1" failures="0" timestamp="2020-10-27T05:44:32 PDT" time="9.090" errors="0">
  <testcase name="testCollabtiveEditProject" time="9.090" classname="tests.EditProjectTest"/>
  <system-out/>
</testsuite> <!-- tests.EditProjectTest -->
