<?xml version="1.0" encoding="UTF-8"?>
<!-- Generated by org.testng.reporters.JUnitReportReporter -->
<testsuite skipped="0" hostname="anonymous" name="tests.RemoveUserFromProjectTest" tests="1" failures="0" timestamp="2020-10-27T05:44:32 PDT" time="12.627" errors="0">
  <testcase name="testCollabtiveRemoveUserFromProject" time="12.627" classname="tests.RemoveUserFromProjectTest"/>
  <system-out/>
</testsuite> <!-- tests.RemoveUserFromProjectTest -->
