<?xml version="1.0" encoding="UTF-8"?>
<!-- Generated by org.testng.reporters.JUnitReportReporter -->
<testsuite skipped="0" hostname="anonymous" name="tests.RemoveProjectTest" tests="1" failures="0" timestamp="2020-10-27T05:44:32 PDT" time="6.447" errors="0">
  <testcase name="testCollabtiveRemoveProject" time="6.447" classname="tests.RemoveProjectTest"/>
  <system-out/>
</testsuite> <!-- tests.RemoveProjectTest -->
