<?xml version="1.0" encoding="UTF-8"?>
<!-- Generated by org.testng.reporters.JUnitReportReporter -->
<testsuite skipped="0" hostname="anonymous" name="tests.LoginUserTest" tests="1" failures="0" timestamp="2020-10-27T05:44:32 PDT" time="5.404" errors="0">
  <testcase name="testCollabtiveLoginUser" time="5.404" classname="tests.LoginUserTest"/>
  <system-out/>
</testsuite> <!-- tests.LoginUserTest -->
