<?xml version="1.0" encoding="UTF-8"?>
<!-- Generated by org.testng.reporters.JUnitReportReporter -->
<testsuite skipped="0" hostname="anonymous" name="tests.CloseMilestoneTest" tests="1" failures="0" timestamp="2020-10-27T05:44:32 PDT" time="9.468" errors="0">
  <testcase name="testCollabtiveCloseMilestone" time="9.468" classname="tests.CloseMilestoneTest"/>
  <system-out/>
</testsuite> <!-- tests.CloseMilestoneTest -->
