<?xml version="1.0" encoding="UTF-8"?>
<!-- Generated by org.testng.reporters.JUnitReportReporter -->
<testsuite skipped="0" hostname="anonymous" name="tests.AddUserEmptyValuesTest" tests="1" failures="0" timestamp="2020-10-27T05:44:32 PDT" time="7.687" errors="0">
  <testcase name="testCollabtiveAddUserEmptyValues" time="7.687" classname="tests.AddUserEmptyValuesTest"/>
  <system-out/>
</testsuite> <!-- tests.AddUserEmptyValuesTest -->
