<?xml version="1.0" encoding="UTF-8"?>
<!-- Generated by org.testng.reporters.JUnitReportReporter -->
<testsuite skipped="0" hostname="anonymous" name="tests.OpenProjectTest" tests="1" failures="0" timestamp="2020-10-27T05:44:32 PDT" time="6.843" errors="0">
  <testcase name="testCollabtiveOpenProject" time="6.843" classname="tests.OpenProjectTest"/>
  <system-out/>
</testsuite> <!-- tests.OpenProjectTest -->
