<?xml version="1.0" encoding="UTF-8"?>
<!-- Generated by org.testng.reporters.JUnitReportReporter -->
<testsuite skipped="0" hostname="anonymous" name="tests.AddMilestoneTest" tests="1" failures="0" timestamp="2020-10-27T05:44:32 PDT" time="8.266" errors="0">
  <testcase name="testCollabtiveAddMilestone" time="8.266" classname="tests.AddMilestoneTest"/>
  <system-out/>
</testsuite> <!-- tests.AddMilestoneTest -->
