<?xml version="1.0" encoding="UTF-8"?>
<!-- Generated by org.testng.reporters.JUnitReportReporter -->
<testsuite skipped="0" hostname="anonymous" name="tests.EditMilestoneTest" tests="1" failures="0" timestamp="2020-10-27T05:44:32 PDT" time="9.591" errors="0">
  <testcase name="testCollabtiveEditMilestone" time="9.591" classname="tests.EditMilestoneTest"/>
  <system-out/>
</testsuite> <!-- tests.EditMilestoneTest -->
