<?xml version="1.0" encoding="UTF-8"?>
<!-- Generated by org.testng.reporters.JUnitReportReporter -->
<testsuite skipped="0" hostname="anonymous" name="tests.SearchProjectTest" tests="1" failures="0" timestamp="2020-10-27T05:44:32 PDT" time="5.328" errors="0">
  <testcase name="testCollabtiveSearchProject" time="5.328" classname="tests.SearchProjectTest"/>
  <system-out/>
</testsuite> <!-- tests.SearchProjectTest -->
