<?xml version="1.0" encoding="UTF-8"?>
<!-- Generated by org.testng.reporters.JUnitReportReporter -->
<testsuite skipped="0" hostname="anonymous" name="tests.CloseProjectTest" tests="1" failures="0" timestamp="2020-10-27T05:44:32 PDT" time="7.554" errors="0">
  <testcase name="testCollabtiveCloseProject" time="7.554" classname="tests.CloseProjectTest"/>
  <system-out/>
</testsuite> <!-- tests.CloseProjectTest -->
