<?xml version="1.0" encoding="UTF-8"?>
<!-- Generated by org.testng.reporters.JUnitReportReporter -->
<testsuite skipped="0" hostname="anonymous" name="tests.PasswordManagerSearchTagsTest" tests="1" failures="0" timestamp="2020-07-28T09:54:12 PDT" time="1.677" errors="0">
  <testcase name="testPasswordManagerSearchTags" time="1.677" classname="tests.PasswordManagerSearchTagsTest"/>
  <system-out/>
</testsuite> <!-- tests.PasswordManagerSearchTagsTest -->
