<?xml version="1.0" encoding="UTF-8"?>
<!-- Generated by org.testng.reporters.JUnitReportReporter -->
<testsuite skipped="0" hostname="anonymous" name="tests.PasswordManagerEditEntryTest" tests="1" failures="0" timestamp="2020-07-28T09:54:12 PDT" time="2.106" errors="0">
  <testcase name="testPasswordManagerEditEntry" time="2.106" classname="tests.PasswordManagerEditEntryTest"/>
  <system-out/>
</testsuite> <!-- tests.PasswordManagerEditEntryTest -->
