<?xml version="1.0" encoding="UTF-8"?>
<!-- Generated by org.testng.reporters.JUnitReportReporter -->
<testsuite skipped="0" hostname="anonymous" name="tests.PasswordManagerSearchEntryByTagsTest" tests="1" failures="0" timestamp="2020-07-28T09:54:12 PDT" time="2.932" errors="0">
  <testcase name="testPasswordManagerSearchEntryByTags" time="2.932" classname="tests.PasswordManagerSearchEntryByTagsTest"/>
  <system-out/>
</testsuite> <!-- tests.PasswordManagerSearchEntryByTagsTest -->
