<?xml version="1.0" encoding="UTF-8"?>
<!-- Generated by org.testng.reporters.JUnitReportReporter -->
<testsuite skipped="0" hostname="anonymous" name="tests.PasswordManagerSearchMultipleEntriesTest" tests="1" failures="0" timestamp="2020-07-28T09:54:12 PDT" time="4.578" errors="0">
  <testcase name="testPasswordManagerSearchMultipleEntries" time="4.578" classname="tests.PasswordManagerSearchMultipleEntriesTest"/>
  <system-out/>
</testsuite> <!-- tests.PasswordManagerSearchMultipleEntriesTest -->
