<?xml version="1.0" encoding="UTF-8"?>
<!-- Generated by org.testng.reporters.JUnitReportReporter -->
<testsuite skipped="0" hostname="anonymous" name="tests.PasswordManagerRemoveEntryTest" tests="1" failures="0" timestamp="2020-07-28T09:54:12 PDT" time="1.260" errors="0">
  <testcase name="testPasswordManagerRemoveEntry" time="1.260" classname="tests.PasswordManagerRemoveEntryTest"/>
  <system-out/>
</testsuite> <!-- tests.PasswordManagerRemoveEntryTest -->
