<?xml version="1.0" encoding="UTF-8"?>
<!-- Generated by org.testng.reporters.JUnitReportReporter -->
<testsuite skipped="0" hostname="anonymous" name="tests.PasswordManagerSearchAndRemoveMultipleTagsTest" tests="1" failures="0" timestamp="2020-07-28T09:54:12 PDT" time="2.479" errors="0">
  <testcase name="testPasswordManagerSearchAndRemoveMultipleTags" time="2.479" classname="tests.PasswordManagerSearchAndRemoveMultipleTagsTest"/>
  <system-out/>
</testsuite> <!-- tests.PasswordManagerSearchAndRemoveMultipleTagsTest -->
