<?xml version="1.0" encoding="UTF-8"?>
<!-- Generated by org.testng.reporters.JUnitReportReporter -->
<testsuite skipped="0" hostname="anonymous" name="tests.PasswordManagerCheckEntryTagsRemovedTest" tests="1" failures="0" timestamp="2020-07-28T09:54:12 PDT" time="1.186" errors="0">
  <testcase name="testPasswordManagerCheckEntryTagsRemoved" time="1.186" classname="tests.PasswordManagerCheckEntryTagsRemovedTest"/>
  <system-out/>
</testsuite> <!-- tests.PasswordManagerCheckEntryTagsRemovedTest -->
