<?xml version="1.0" encoding="UTF-8"?>
<!-- Generated by org.testng.reporters.JUnitReportReporter -->
<testsuite skipped="0" hostname="anonymous" name="tests.PasswordManagerAddMultipleEntriesTest" tests="1" failures="0" timestamp="2020-07-28T09:54:12 PDT" time="2.785" errors="0">
  <testcase name="testPasswordManagerAddMultipleEntries" time="2.785" classname="tests.PasswordManagerAddMultipleEntriesTest"/>
  <system-out/>
</testsuite> <!-- tests.PasswordManagerAddMultipleEntriesTest -->
