<?xml version="1.0" encoding="UTF-8"?>
<!-- Generated by org.testng.reporters.JUnitReportReporter -->
<testsuite skipped="0" hostname="anonymous" name="tests.PasswordManagerAssignTagToEntryTest" tests="1" failures="0" timestamp="2020-07-28T09:54:12 PDT" time="3.696" errors="0">
  <testcase name="testPasswordManagerAssignTagToEntry" time="3.696" classname="tests.PasswordManagerAssignTagToEntryTest"/>
  <system-out/>
</testsuite> <!-- tests.PasswordManagerAssignTagToEntryTest -->
