<?xml version="1.0" encoding="UTF-8"?>
<!-- Generated by org.testng.reporters.JUnitReportReporter -->
<testsuite skipped="0" hostname="anonymous" name="tests.PasswordManagerSearchEntryByNameTest" tests="1" failures="0" timestamp="2020-07-28T09:54:12 PDT" time="1.756" errors="0">
  <testcase name="testPasswordManagerSearchEntryByName" time="1.756" classname="tests.PasswordManagerSearchEntryByNameTest"/>
  <system-out/>
</testsuite> <!-- tests.PasswordManagerSearchEntryByNameTest -->
