<?xml version="1.0" encoding="UTF-8"?>
<!-- Generated by org.testng.reporters.JUnitReportReporter -->
<testsuite skipped="0" hostname="anonymous" name="tests.PasswordManagerAddEntryTest" tests="1" failures="0" timestamp="2020-07-28T09:54:12 PDT" time="3.519" errors="0">
  <testcase name="testPasswordManagerAddEntry" time="3.519" classname="tests.PasswordManagerAddEntryTest"/>
  <system-out/>
</testsuite> <!-- tests.PasswordManagerAddEntryTest -->
