<?xml version="1.0" encoding="UTF-8"?>
<!-- Generated by org.testng.reporters.JUnitReportReporter -->
<testsuite skipped="0" hostname="anonymous" name="tests.CheckMultipleEntriesTest" tests="1" failures="0" timestamp="2020-07-28T09:15:23 PDT" time="2.159" errors="0">
  <testcase name="testCheckMultipleEntries" time="2.159" classname="tests.CheckMultipleEntriesTest"/>
  <system-out/>
</testsuite> <!-- tests.CheckMultipleEntriesTest -->
