<?xml version="1.0" encoding="UTF-8"?>
<!-- Generated by org.testng.reporters.JUnitReportReporter -->
<testsuite skipped="0" hostname="anonymous" name="tests.CheckEntryTest" tests="1" failures="0" timestamp="2020-07-28T09:15:23 PDT" time="1.480" errors="0">
  <testcase name="testCheckEntryTest" time="1.480" classname="tests.CheckEntryTest"/>
  <system-out/>
</testsuite> <!-- tests.CheckEntryTest -->
