<?xml version="1.0" encoding="UTF-8"?>
<!-- Generated by org.testng.reporters.JUnitReportReporter -->
<testsuite skipped="0" hostname="anonymous" name="tests.AddLongNameRoomNegativeTest" tests="1" failures="0" timestamp="2020-07-28T09:15:23 PDT" time="2.406" errors="0">
  <testcase name="testAddLongNameRoomNegative" time="2.406" classname="tests.AddLongNameRoomNegativeTest"/>
  <system-out/>
</testsuite> <!-- tests.AddLongNameRoomNegativeTest -->
