<?xml version="1.0" encoding="UTF-8"?>
<!-- Generated by org.testng.reporters.JUnitReportReporter -->
<testsuite skipped="0" hostname="anonymous" name="tests.RemoveMultipleEntriesTest" tests="1" failures="0" timestamp="2020-07-28T09:15:23 PDT" time="5.469" errors="0">
  <testcase name="testRemoveMultipleEntries" time="5.469" classname="tests.RemoveMultipleEntriesTest"/>
  <system-out/>
</testsuite> <!-- tests.RemoveMultipleEntriesTest -->
