<?xml version="1.0" encoding="UTF-8"?>
<!-- Generated by org.testng.reporters.JUnitReportReporter -->
<testsuite skipped="0" hostname="anonymous" name="tests.CheckBuildingRoomTest" tests="1" failures="0" timestamp="2020-07-28T09:15:23 PDT" time="1.380" errors="0">
  <testcase name="testCheckBuildingRoom" time="1.380" classname="tests.CheckBuildingRoomTest"/>
  <system-out/>
</testsuite> <!-- tests.CheckBuildingRoomTest -->
