<?xml version="1.0" encoding="UTF-8"?>
<!-- Generated by org.testng.reporters.JUnitReportReporter -->
<testsuite skipped="0" hostname="anonymous" name="tests.AddLongNameBuildingNegativeTest" tests="1" failures="0" timestamp="2020-07-28T09:15:23 PDT" time="1.955" errors="0">
  <testcase name="testAddLongNameBuildingNegative" time="1.955" classname="tests.AddLongNameBuildingNegativeTest"/>
  <system-out/>
</testsuite> <!-- tests.AddLongNameBuildingNegativeTest -->
