<?xml version="1.0" encoding="UTF-8"?>
<!-- Generated by org.testng.reporters.JUnitReportReporter -->
<testsuite skipped="0" hostname="anonymous" name="tests.AddMultipleEntriesSameRoomSameDayTest" tests="1" failures="0" timestamp="2020-07-28T09:15:23 PDT" time="3.828" errors="0">
  <testcase name="testAddMultipleEntriesSameRoomSameDay" time="3.828" classname="tests.AddMultipleEntriesSameRoomSameDayTest"/>
  <system-out/>
</testsuite> <!-- tests.AddMultipleEntriesSameRoomSameDayTest -->
