<?xml version="1.0" encoding="UTF-8"?>
<!-- Generated by org.testng.reporters.JUnitReportReporter -->
<testsuite skipped="0" hostname="anonymous" name="tests.AddMultipleEntriesSameRoomDifferentDaysTest" tests="1" failures="0" timestamp="2020-07-28T09:15:23 PDT" time="4.600" errors="0">
  <testcase name="testAddMultipleEntriesSameRoomDifferentDays" time="4.600" classname="tests.AddMultipleEntriesSameRoomDifferentDaysTest"/>
  <system-out/>
</testsuite> <!-- tests.AddMultipleEntriesSameRoomDifferentDaysTest -->
