<?xml version="1.0" encoding="UTF-8"?>
<!-- Generated by org.testng.reporters.JUnitReportReporter -->
<testsuite skipped="0" hostname="anonymous" name="tests.AddMultipleEntriesDifferentRoomsDifferentDaysTest" tests="1" failures="0" timestamp="2020-07-28T09:15:23 PDT" time="3.615" errors="0">
  <testcase name="testAddMultipleEntriesDifferentRoomsDifferentDays" time="3.615" classname="tests.AddMultipleEntriesDifferentRoomsDifferentDaysTest"/>
  <system-out/>
</testsuite> <!-- tests.AddMultipleEntriesDifferentRoomsDifferentDaysTest -->
