<?xml version="1.0" encoding="UTF-8"?>
<!-- Generated by org.testng.reporters.JUnitReportReporter -->
<testsuite skipped="0" hostname="anonymous" name="tests.AddMultipleEntriesDifferentRoomsSameDayTest" tests="1" failures="0" timestamp="2020-07-28T09:15:23 PDT" time="4.909" errors="0">
  <testcase name="testMultipleEntriesDifferentRoomsSameDay" time="4.909" classname="tests.AddMultipleEntriesDifferentRoomsSameDayTest"/>
  <system-out/>
</testsuite> <!-- tests.AddMultipleEntriesDifferentRoomsSameDayTest -->
