<?xml version="1.0" encoding="UTF-8"?>
<!-- Generated by org.testng.reporters.JUnitReportReporter -->
<testsuite skipped="0" hostname="anonymous" name="tests.AddressBookAddMultipleGroupsTest" tests="1" failures="0" timestamp="2020-12-01T07:32:32 PST" time="3.286" errors="0">
  <testcase name="testAddressBookAddMultipleGroups" time="3.286" classname="tests.AddressBookAddMultipleGroupsTest"/>
  <system-out/>
</testsuite> <!-- tests.AddressBookAddMultipleGroupsTest -->
