<?xml version="1.0" encoding="UTF-8"?>
<!-- Generated by org.testng.reporters.JUnitReportReporter -->
<testsuite skipped="0" hostname="anonymous" name="tests.AddressBookSearchAddressBookNameTest" tests="1" failures="0" timestamp="2020-12-01T07:32:32 PST" time="0.930" errors="0">
  <testcase name="testAddressBookSearchAddressBookName" time="0.930" classname="tests.AddressBookSearchAddressBookNameTest"/>
  <system-out/>
</testsuite> <!-- tests.AddressBookSearchAddressBookNameTest -->
