<?xml version="1.0" encoding="UTF-8"?>
<!-- Generated by org.testng.reporters.JUnitReportReporter -->
<testsuite skipped="0" hostname="anonymous" name="tests.AddressBookSearchMultipleAddressBookNameTest" tests="1" failures="0" timestamp="2020-12-01T07:32:32 PST" time="2.406" errors="0">
  <testcase name="testAddressBookSearchMultipleAddressBookName" time="2.406" classname="tests.AddressBookSearchMultipleAddressBookNameTest"/>
  <system-out/>
</testsuite> <!-- tests.AddressBookSearchMultipleAddressBookNameTest -->
