<?xml version="1.0" encoding="UTF-8"?>
<!-- Generated by org.testng.reporters.JUnitReportReporter -->
<testsuite skipped="0" hostname="anonymous" name="tests.AddressBookAssignToGroupTest" tests="1" failures="0" timestamp="2020-12-01T07:32:32 PST" time="0.849" errors="0">
  <testcase name="testAddressBookAssignToGroup" time="0.849" classname="tests.AddressBookAssignToGroupTest"/>
  <system-out/>
</testsuite> <!-- tests.AddressBookAssignToGroupTest -->
