<?xml version="1.0" encoding="UTF-8"?>
<!-- Generated by org.testng.reporters.JUnitReportReporter -->
<testsuite skipped="0" hostname="anonymous" name="tests.AddressBookRemoveFromMultipleGroupsTest" tests="1" failures="0" timestamp="2020-12-01T07:32:32 PST" time="2.630" errors="0">
  <testcase name="testAddressBookRemoveFromMultipleGroups" time="2.630" classname="tests.AddressBookRemoveFromMultipleGroupsTest"/>
  <system-out/>
</testsuite> <!-- tests.AddressBookRemoveFromMultipleGroupsTest -->
