<?xml version="1.0" encoding="UTF-8"?>
<!-- Generated by org.testng.reporters.JUnitReportReporter -->
<testsuite skipped="0" hostname="anonymous" name="tests.AddressBookPrintAddressBookTest" tests="1" failures="0" timestamp="2020-12-01T07:32:32 PST" time="0.923" errors="0">
  <testcase name="testAddressBookPrintAddressBook" time="0.923" classname="tests.AddressBookPrintAddressBookTest"/>
  <system-out/>
</testsuite> <!-- tests.AddressBookPrintAddressBookTest -->
