<?xml version="1.0" encoding="UTF-8"?>
<!-- Generated by org.testng.reporters.JUnitReportReporter -->
<testsuite skipped="0" hostname="anonymous" name="tests.AddressBookAddGroupTest" tests="1" failures="0" timestamp="2020-12-01T07:32:32 PST" time="1.326" errors="0">
  <testcase name="testAddressBookAddGroup" time="1.326" classname="tests.AddressBookAddGroupTest"/>
  <system-out/>
</testsuite> <!-- tests.AddressBookAddGroupTest -->
