<?xml version="1.0" encoding="UTF-8"?>
<!-- Generated by org.testng.reporters.JUnitReportReporter -->
<testsuite skipped="0" hostname="anonymous" name="tests.AddressBookAddAddressBookTest" tests="1" failures="0" timestamp="2020-12-01T07:32:32 PST" time="3.317" errors="0">
  <testcase name="testAddressBookAddAddressBook" time="3.317" classname="tests.AddressBookAddAddressBookTest"/>
  <system-out/>
</testsuite> <!-- tests.AddressBookAddAddressBookTest -->
