<?xml version="1.0" encoding="UTF-8"?>
<!-- Generated by org.testng.reporters.JUnitReportReporter -->
<testsuite skipped="0" hostname="anonymous" name="tests.AddressBookSearchAddressBookEmailTest" tests="1" failures="0" timestamp="2020-12-01T07:32:32 PST" time="0.926" errors="0">
  <testcase name="testAddressBookSearchAddressBookEmail" time="0.926" classname="tests.AddressBookSearchAddressBookEmailTest"/>
  <system-out/>
</testsuite> <!-- tests.AddressBookSearchAddressBookEmailTest -->
