<?xml version="1.0" encoding="UTF-8"?>
<!-- Generated by org.testng.reporters.JUnitReportReporter -->
<testsuite skipped="0" hostname="anonymous" name="tests.AddressBookEditMultipleAddressBookTest" tests="1" failures="0" timestamp="2020-12-01T07:32:32 PST" time="4.022" errors="0">
  <testcase name="testAddressBookEditMultipleAddressBook" time="4.022" classname="tests.AddressBookEditMultipleAddressBookTest"/>
  <system-out/>
</testsuite> <!-- tests.AddressBookEditMultipleAddressBookTest -->
