<?xml version="1.0" encoding="UTF-8"?>
<!-- Generated by org.testng.reporters.JUnitReportReporter -->
<testsuite skipped="0" hostname="anonymous" name="tests.AddressBookRemoveAddressBookTest" tests="1" failures="0" timestamp="2020-12-01T07:32:32 PST" time="0.971" errors="0">
  <testcase name="testAddressBookRemoveAddressBook" time="0.971" classname="tests.AddressBookRemoveAddressBookTest"/>
  <system-out/>
</testsuite> <!-- tests.AddressBookRemoveAddressBookTest -->
