<?xml version="1.0" encoding="UTF-8"?>
<!-- Generated by org.testng.reporters.JUnitReportReporter -->
<testsuite skipped="0" hostname="anonymous" name="tests.AddressBookCheckAddressBookTest" tests="1" failures="0" timestamp="2020-12-01T07:32:32 PST" time="1.019" errors="0">
  <testcase name="testAddressBookCheckAddressBook" time="1.019" classname="tests.AddressBookCheckAddressBookTest"/>
  <system-out/>
</testsuite> <!-- tests.AddressBookCheckAddressBookTest -->
