<?xml version="1.0" encoding="UTF-8"?>
<!-- Generated by org.testng.reporters.JUnitReportReporter -->
<testsuite skipped="0" hostname="anonymous" name="tests.AddressBookEditMultipleGroupsTest" tests="1" failures="0" timestamp="2020-12-01T07:32:32 PST" time="5.616" errors="0">
  <testcase name="testAddressBookEditMultipleGroups" time="5.616" classname="tests.AddressBookEditMultipleGroupsTest"/>
  <system-out/>
</testsuite> <!-- tests.AddressBookEditMultipleGroupsTest -->
